::1 - GET /api/configuration_service/getOrganizationsByType HTTP/1.1 200 9671 - 483.628 ms
::1 - GET /api/configuration_service/getOrganizationsByType?type=BREWERY HTTP/1.1 200 9671 - 335.898 ms
::1 - GET /api/configuration_service/getOrganizationsByType?type=BREWERY HTTP/1.1 200 52 - 539.713 ms
::1 - GET /api/configuration_service/getOrganizationsByType HTTP/1.1 200 52 - 269.027 ms
::1 - GET /api/configuration_service/getOrganizationsByType?id=0000-01-01T00:00:00.000Z HTTP/1.1 200 52 - 317.182 ms
::1 - GET /api/configuration_service/getOrganizationsByType?id=conf1234565 HTTP/1.1 200 52 - 1926.168 ms
::1 - GET /api/configuration_service/getOrganizationsByType?id=conf1234565 HTTP/1.1 200 52 - 565.611 ms
::1 - GET /api/configuration_service/getOrganizationsByType?id=conf1234565 HTTP/1.1 200 52 - 262.039 ms
::1 - GET /api/configuration_service/getOrganizationsByType HTTP/1.1 200 52 - 253.972 ms
::1 - GET /api/configuration_service/getOrganizationsByType?id=conf1234565 HTTP/1.1 200 52 - 468.103 ms
::1 - GET /api/configuration_service/getOrganizationsByType?id=conf1234565 HTTP/1.1 200 52 - 1997.554 ms
::1 - GET /api/configuration_service/getOrganizationsByType?id=conf1234565 HTTP/1.1 200 52 - 367.274 ms
::1 - GET /api/configuration_service/getOrganizationsByType?id=conf1234565 HTTP/1.1 500 137 - 21.824 ms
::1 - GET /api/configuration_service/getOrganizationsByType?id=conf1234565 HTTP/1.1 200 52 - 393.363 ms
::1 - GET /api/configuration_service/getOrganizationsByType HTTP/1.1 200 52 - 297.366 ms
::1 - GET /api/configuration_service/getOrganizationsByType HTTP/1.1 200 52 - 1049.977 ms
::1 - GET /api/configuration_service/getOrganizationsByType?id=0001 HTTP/1.1 200 52 - 310.985 ms
::1 - GET /api/configuration_service/getOrganizationsByType?id=0001 HTTP/1.1 200 52 - 1183.670 ms
::1 - GET /api/configuration_service/getOrganizationsByType?id=0001 HTTP/1.1 200 52 - 1638.016 ms
::1 - GET /api/configuration_service/getOrganizationsByType?id=0001 HTTP/1.1 200 52 - 834.760 ms
::1 - GET /api/configuration_service/updateOrganizationsByType?id=0001 HTTP/1.1 404 39 - 5.410 ms
::1 - PUT /api/configuration_service/updateOrganizationsByType?id=0001 HTTP/1.1 401 2065 - 11.730 ms
::1 - PUT /api/configuration_service/updateOrganizationsByType?id=0001 HTTP/1.1 401 2065 - 2.999 ms
::1 - GET /api/configuration_service/getOrganizationsByType?id= HTTP/1.1 200 52 - 293.107 ms
::1 - PUT /api/configuration_service/getOrganizationsByType?id= HTTP/1.1 404 39 - 0.617 ms
::1 - PUT /api/configuration_service/getOrganizationsByType?id=0001 HTTP/1.1 404 39 - 0.313 ms
::1 - PUT /api/configuration_service/updateOrganizationsByType?id=0001 HTTP/1.1 401 2065 - 2.947 ms
::1 - PUT /api/configuration_service/updateOrganizationsByType?id=0001 HTTP/1.1 401 1752 - 0.744 ms
::1 - PUT /api/configuration_service/updateOrganizationsByType?id=0001 HTTP/1.1 401 1752 - 0.773 ms
::1 - PUT /api/configuration_service/updateOrganizationsByType?id=0001 HTTP/1.1 401 1752 - 0.698 ms
::1 - PUT /api/configuration_service/updateOrganizationsByType?id=0001 HTTP/1.1 400 1241 - 172.678 ms
::1 - PUT /api/configuration_service/updateOrganizationsByType?id=0001 HTTP/1.1 401 1752 - 1.443 ms
::1 - PUT /api/configuration_service/updateOrganizationsByType?id=0001 HTTP/1.1 401 1752 - 0.963 ms
::1 - PUT /api/configuration_service/updateOrganizationsByType HTTP/1.1 401 1752 - 1.069 ms
::1 - PUT /api/configuration_service/updateOrganizationsByType HTTP/1.1 401 1752 - 0.711 ms
::1 - POST /api/configuration_service/updateOrganizationsByType HTTP/1.1 404 39 - 0.750 ms
::1 - PUT /api/configuration_service/updateOrganizationsByType HTTP/1.1 401 1752 - 0.969 ms
::1 - PUT /api/configuration_service/updateOrganizationsByType?id=0001 HTTP/1.1 401 1752 - 1.255 ms
::1 - GET /api/configuration_service/getOrganizationsByType?id=CONF002 HTTP/1.1 200 52 - 237.504 ms
::1 - GET /api/configuration_service/getOrganizationsByType?id=CONF002 HTTP/1.1 200 316 - 296.307 ms
::1 - GET /api/configuration_service/getOrganizationsByType?id=CONF002 HTTP/1.1 200 316 - 293.183 ms
