[2019-12-06T14:46:39.612] [INFO] backend-logs - Fetch data from stream1 and publisher address 16XB4j5RVyvyY1oheaP4iLv9gi2yVnQgcy7wYD
[2019-12-06T14:46:41.293] [INFO] backend-logs - Fetch data from stream1 and publisher address 16XB4j5RVyvyY1oheaP4iLv9gi2yVnQgcy7wYD
[2019-12-06T14:46:41.541] [INFO] backend-logs - Fetch data from stream1 and publisher address 1CAJFj9Q7WDG6vdcZTBG2eFtWahfyzepEpGvJ2
[2019-12-06T14:47:22.141] [INFO] backend-logs - Fetch data from stream1 and publisher address 16XB4j5RVyvyY1oheaP4iLv9gi2yVnQgcy7wYD
[2019-12-06T14:47:22.220] [INFO] backend-logs - Fetch data from stream1 and publisher address 1CAJFj9Q7WDG6vdcZTBG2eFtWahfyzepEpGvJ2
[2019-12-06T14:47:38.786] [INFO] backend-logs - Fetch data from stream1 and publisher address 1CAJFj9Q7WDG6vdcZTBG2eFtWahfyzepEpGvJ2
[2019-12-06T14:47:38.787] [INFO] backend-logs - Fetch data from stream1 and publisher address 16XB4j5RVyvyY1oheaP4iLv9gi2yVnQgcy7wYD
[2019-12-06T14:48:43.757] [INFO] backend-logs - Fetch data from stream1 and publisher address 16XB4j5RVyvyY1oheaP4iLv9gi2yVnQgcy7wYD
[2019-12-06T14:48:52.327] [INFO] backend-logs - Fetch data from stream1 and publisher address 1H6neBDJYweUoUyRjpiBYAcQ1yZdhW5RWgnZuw
[2019-12-06T14:48:57.088] [INFO] backend-logs - Fetch data from stream1 and publisher address 1H6neBDJYweUoUyRjpiBYAcQ1yZdhW5RWgnZuw
[2019-12-06T14:48:59.591] [INFO] backend-logs - Fetch data from stream1 and publisher address 1CAJFj9Q7WDG6vdcZTBG2eFtWahfyzepEpGvJ2
[2019-12-06T14:48:59.631] [INFO] backend-logs - Fetch data from stream1 and publisher address 16XB4j5RVyvyY1oheaP4iLv9gi2yVnQgcy7wYD
[2019-12-06T14:51:49.036] [INFO] backend-logs - Fetch data from stream1 and publisher address 1H6neBDJYweUoUyRjpiBYAcQ1yZdhW5RWgnZuw
[2019-12-06T14:51:49.533] [INFO] backend-logs - Fetch data from stream1 and publisher address 1WiAka9qFWS9v6ZvYRK7VAMB9PXKsBHeEjvApR
[2019-12-06T14:51:51.000] [INFO] backend-logs - Fetch data from stream1 and publisher address 16XB4j5RVyvyY1oheaP4iLv9gi2yVnQgcy7wYD
[2019-12-06T14:51:51.698] [INFO] backend-logs - Fetch data from stream1 and publisher address 16XB4j5RVyvyY1oheaP4iLv9gi2yVnQgcy7wYD
[2019-12-06T14:51:52.023] [INFO] backend-logs - Fetch data from stream1 and publisher address 1CAJFj9Q7WDG6vdcZTBG2eFtWahfyzepEpGvJ2
[2019-12-06T14:52:14.330] [INFO] backend-logs - Fetch data from stream1 and publisher address 1CAJFj9Q7WDG6vdcZTBG2eFtWahfyzepEpGvJ2
[2019-12-06T14:52:14.369] [INFO] backend-logs - Fetch data from stream1 and publisher address 16XB4j5RVyvyY1oheaP4iLv9gi2yVnQgcy7wYD
[2019-12-06T14:52:52.776] [INFO] backend-logs - Fetch data from stream1 and publisher address 16XB4j5RVyvyY1oheaP4iLv9gi2yVnQgcy7wYD
[2019-12-06T14:52:52.815] [INFO] backend-logs - Fetch data from stream1 and publisher address 1CAJFj9Q7WDG6vdcZTBG2eFtWahfyzepEpGvJ2
[2019-12-06T14:53:02.977] [INFO] backend-logs - Fetch data from stream1 and publisher address 16XB4j5RVyvyY1oheaP4iLv9gi2yVnQgcy7wYD
[2019-12-06T14:53:16.678] [INFO] backend-logs - Fetch data from stream1 and publisher address 16XB4j5RVyvyY1oheaP4iLv9gi2yVnQgcy7wYD
[2019-12-06T14:53:16.679] [INFO] backend-logs - Fetch data from stream1 and publisher address 1CAJFj9Q7WDG6vdcZTBG2eFtWahfyzepEpGvJ2
[2019-12-06T14:53:34.884] [INFO] backend-logs - Fetch data from stream1 and publisher address 1WiAka9qFWS9v6ZvYRK7VAMB9PXKsBHeEjvApR
[2019-12-06T14:55:33.611] [INFO] backend-logs - Fetch data from stream1 and publisher address 16XB4j5RVyvyY1oheaP4iLv9gi2yVnQgcy7wYD
[2019-12-06T14:55:59.362] [INFO] backend-logs - Fetch data from stream1 and publisher address 1CAJFj9Q7WDG6vdcZTBG2eFtWahfyzepEpGvJ2
[2019-12-06T14:55:59.440] [INFO] backend-logs - Fetch data from stream1 and publisher address 16XB4j5RVyvyY1oheaP4iLv9gi2yVnQgcy7wYD
[2019-12-06T14:56:02.412] [INFO] backend-logs - Fetch data from stream1 and publisher address 16XB4j5RVyvyY1oheaP4iLv9gi2yVnQgcy7wYD
[2019-12-06T14:56:05.471] [INFO] backend-logs - Fetch data from stream1 and publisher address 1CAJFj9Q7WDG6vdcZTBG2eFtWahfyzepEpGvJ2
[2019-12-06T14:56:05.514] [INFO] backend-logs - Fetch data from stream1 and publisher address 16XB4j5RVyvyY1oheaP4iLv9gi2yVnQgcy7wYD
[2019-12-06T14:56:18.645] [INFO] backend-logs - Fetch data from stream1 and publisher address 16XB4j5RVyvyY1oheaP4iLv9gi2yVnQgcy7wYD
[2019-12-06T14:56:23.039] [INFO] backend-logs - Fetch data from stream1 and publisher address 1WiAka9qFWS9v6ZvYRK7VAMB9PXKsBHeEjvApR
[2019-12-06T14:56:26.692] [INFO] backend-logs - Fetch data from stream1 and publisher address 1CAJFj9Q7WDG6vdcZTBG2eFtWahfyzepEpGvJ2
[2019-12-06T14:56:26.731] [INFO] backend-logs - Fetch data from stream1 and publisher address 16XB4j5RVyvyY1oheaP4iLv9gi2yVnQgcy7wYD
[2019-12-06T14:56:27.680] [INFO] backend-logs - Fetch data from stream1 and publisher address 16XB4j5RVyvyY1oheaP4iLv9gi2yVnQgcy7wYD
[2019-12-06T14:56:30.221] [INFO] backend-logs - Fetch data from stream1 and publisher address 1CAJFj9Q7WDG6vdcZTBG2eFtWahfyzepEpGvJ2
[2019-12-06T14:56:30.260] [INFO] backend-logs - Fetch data from stream1 and publisher address 16XB4j5RVyvyY1oheaP4iLv9gi2yVnQgcy7wYD
[2019-12-06T15:01:20.347] [INFO] backend-logs - Fetch data from stream1 and publisher address 16XB4j5RVyvyY1oheaP4iLv9gi2yVnQgcy7wYD
[2019-12-06T15:15:27.131] [INFO] backend-logs - Fetch data from stream1 and publisher address 1WiAka9qFWS9v6ZvYRK7VAMB9PXKsBHeEjvApR
[2019-12-06T17:33:03.507] [INFO] backend-logs - Fetch data from stream1 and publisher address 1CAJFj9Q7WDG6vdcZTBG2eFtWahfyzepEpGvJ2
[2019-12-06T17:33:03.509] [INFO] backend-logs - Fetch data from stream1 and publisher address 16XB4j5RVyvyY1oheaP4iLv9gi2yVnQgcy7wYD
[2020-02-19T11:42:35.033] [INFO] backend-logs - Fetch data from test_stream for the key key1
