::1 - GET /api/affliation_service/fetchPendingRequests HTTP/1.1 401 1909 - 11.615 ms
::1 - GET /api/affliation_service/fetchPendingRequests HTTP/1.1 401 1759 - 13.601 ms
::1 - GET /api/affliation_service/fetchPendingRequests HTTP/1.1 500 25 - 14.955 ms
::1 - GET /api/affliation_service/fetchPendingRequests HTTP/1.1 500 25 - 11.895 ms
::1 - GET /api/affliation_service/fetchPendingRequests HTTP/1.1 500 25 - 16.278 ms
::1 - GET /api/affliation_service/fetchPendingRequests HTTP/1.1 500 25 - 6.206 ms
::1 - GET /api/affliation_service/fetchPendingRequests HTTP/1.1 500 25 - 15.309 ms
::1 - GET /api/affliation_service/fetchPendingRequests HTTP/1.1 500 25 - 4.842 ms
::1 - GET /api/affliation_service/fetchPendingRequests HTTP/1.1 500 25 - 4.598 ms
::1 - GET /api/affliation_service/fetchPendingRequests HTTP/1.1 500 25 - 4.007 ms
::1 - GET /api/affliation_service/fetchPendingRequests HTTP/1.1 500 25 - 5.000 ms
::1 - GET /api/affliation_service/fetchSentRequests HTTP/1.1 401 2601 - 3.549 ms
::1 - GET /api/affliation_service/fetchSentRequests HTTP/1.1 500 25 - 4.625 ms
::1 - GET /api/affliation_service/fetchSentRequests HTTP/1.1 500 25 - 13.325 ms
::1 - GET /api/affliation_service/fetchSentRequests HTTP/1.1 500 25 - 14.768 ms
::1 - GET /api/affliation_service/ HTTP/1.1 200 15 - 2.558 ms
::1 - GET /api/affliation_service/fetchSentRequests HTTP/1.1 500 25 - 5.571 ms
::1 - GET /api/affliation_service/fetchSentRequests HTTP/1.1 500 25 - 7.746 ms
::1 - GET /api/affliation_service/fetchSentRequests HTTP/1.1 500 25 - 34.471 ms
::1 - GET /api/affliation_service/fetchSentRequests HTTP/1.1 500 25 - 5.480 ms
::1 - GET /api/affliation_service/fetchSentRequests HTTP/1.1 500 25 - 6.588 ms
::1 - GET /api/affliation_service/fetchSentRequests HTTP/1.1 500 25 - 8.850 ms
::1 - GET /api/affliation_service/fetchSentRequests HTTP/1.1 500 25 - 7.937 ms
::1 - GET /api/affliation_service/fetchSentRequests HTTP/1.1 500 25 - 5.898 ms
::1 - GET /api/affliation_service/fetchSentRequests HTTP/1.1 500 25 - 8.611 ms
::1 - GET /api/affliation_service/fetchSentRequests HTTP/1.1 500 25 - 8.244 ms
::1 - GET /api/affliation_service/fetchSentRequests HTTP/1.1 500 25 - 3.155 ms
::1 - GET /api/affliation_service/fetchSentRequests HTTP/1.1 200 48 - 784.475 ms
::1 - GET /api/affliation_service/fetchSentRequests HTTP/1.1 200 48 - 243.721 ms
::1 - GET /api/affliation_service/fetchSentRequests HTTP/1.1 200 48 - 644.420 ms
::1 - GET /api/affliation_service/fetchSentRequests HTTP/1.1 200 48 - 446.845 ms
::1 - GET /api/affliation_service/fetchPendingRequests HTTP/1.1 200 51 - 258.281 ms
::1 - GET /api/affliation_service/ HTTP/1.1 200 15 - 6.467 ms
::1 - GET /api/affliation_service/fetchPendingRequests HTTP/1.1 401 2441 - 5.521 ms
::1 - GET /api/affliation_service/fetchPendingRequests HTTP/1.1 200 51 - 266.549 ms
::1 - GET /api/affliation_service/fetchPendingRequests HTTP/1.1 200 51 - 244.889 ms
::1 - GET /api/affliation_service/fetchPendingRequests HTTP/1.1 200 51 - 256.174 ms
::1 - GET /api/affliation_service/fetchSentRequests HTTP/1.1 200 48 - 258.497 ms
::1 - GET /api/affliation_service/fetchAffiliates HTTP/1.1 500 25 - 3.561 ms
::1 - GET /api/affliation_service/fetchAffiliates HTTP/1.1 500 25 - 6.204 ms
::1 - GET /api/affliation_service/fetchAffiliates HTTP/1.1 500 221 - 1370.135 ms
::1 - GET /api/affliation_service/fetchAffiliates HTTP/1.1 500 25 - 272.755 ms
::1 - GET /api/affliation_service/fetchAffiliates HTTP/1.1 500 25 - 245.087 ms
::1 - GET /api/affliation_service/fetchAffiliates HTTP/1.1 500 25 - 1167.388 ms
::1 - GET /api/affliation_service/fetchAffiliates HTTP/1.1 500 25 - 246.145 ms
::1 - GET /api/affliation_service/fetchAffiliates HTTP/1.1 500 25 - 273.264 ms
::1 - GET /api/affliation_service/fetchAffiliates HTTP/1.1 500 25 - 1096.759 ms
::1 - GET /api/affliation_service/fetchAffiliates HTTP/1.1 500 25 - 885.809 ms
::1 - GET /api/affliation_service/fetchAffiliates HTTP/1.1 500 25 - 1942.883 ms
::1 - GET /api/affliation_service/fetchAffiliates HTTP/1.1 500 25 - 1811.411 ms
::1 - GET /api/affliation_service/fetchAffiliates HTTP/1.1 500 25 - 1539.012 ms
::1 - GET /api/affliation_service/fetchAffiliates HTTP/1.1 404 59 - 275.710 ms
::1 - GET /api/affliation_service/fetchAffiliates HTTP/1.1 200 512 - 509.144 ms
::1 - GET /api/affliation_service/fetchAffiliates HTTP/1.1 401 1643 - 13.511 ms
::1 - GET /api/affliation_service/fetchAllAffiliates HTTP/1.1 500 117 - 293.595 ms
::1 - GET /api/affliation_service/fetchAllAffiliates HTTP/1.1 200 516 - 528.086 ms
::1 - GET /api/affliation_service/fetchAllAffiliates HTTP/1.1 200 965 - 593.417 ms
::1 - GET /api/affliation_service/fetchAllAffiliates HTTP/1.1 200 1059 - 643.213 ms
::1 - GET /api/affliation_service/addAffliate HTTP/1.1 404 39 - 31.304 ms
::1 - GET /api/affliation_service/addAffliate HTTP/1.1 404 39 - 10.222 ms
::1 - POST /api/affliation_service/addAffliate HTTP/1.1 200 973 - 287.838 ms
::1 - POST /api/affliation_service/addAffliate HTTP/1.1 500 343 - 30041.575 ms
::1 - GET /api/affliation_service/unAffiliateOrg?orgId=org-1234 HTTP/1.1 404 39 - 6.628 ms
::1 - GET /api/affliation_service/unAffiliateOrg?orgId=org-1234 HTTP/1.1 401 1643 - 13.530 ms
::1 - GET /api/affliation_service/unAffiliateOrg?orgId=org-1234 HTTP/1.1 200 88 - 269.121 ms
::1 - GET /api/affliation_service/unAffiliateOrg?orgId=org-1234 HTTP/1.1 200 88 - 263.278 ms
::1 - GET /api/affliation_service/unAffiliateOrg?orgId=org-1234 HTTP/1.1 200 88 - 252.547 ms
::1 - GET /api/affliation_service/unAffiliateOrg?orgId=org-1234 HTTP/1.1 200 86 - 273.988 ms
::1 - GET /api/affliation_service/unAffiliateOrg?orgId=org-1234 HTTP/1.1 200 86 - 852.550 ms
::1 - GET /api/affliation_service/unAffiliateOrg?orgId=org-1test HTTP/1.1 200 86 - 263.861 ms
::1 - GET /api/affliation_service/unAffiliateOrg?orgId=org-1test HTTP/1.1 200 88 - 265.202 ms
::1 - GET /api/affliation_service/unAffiliateOrg?orgId=org-1test HTTP/1.1 200 70 - 264.959 ms
::1 - GET /api/affliation_service/unAffiliate?id=emp-eewk2iklkjoesi HTTP/1.1 200 81 - 257.530 ms
::1 - GET /api/affliation_service/unAffiliate?id=emp-eewk2iklkjoesi HTTP/1.1 200 6569 - 317.456 ms
::1 - GET /api/affliation_service/unAffiliate?id=emp-eewk2iklkjoesi HTTP/1.1 200 6559 - 271.231 ms
