::1 - GET /api/address_service/fetchOrganisations HTTP/1.1 200 493 - 278.775 ms
::1 - GET /api/address_service/updateOrganisation HTTP/1.1 404 39 - 28.063 ms
::1 - POST /api/address_service/updateOrganisation HTTP/1.1 401 2393 - 9.336 ms
::1 - POST /api/address_service/updateWarehouse?warehouseId=war-123 HTTP/1.1 401 2393 - 4.252 ms
::1 - POST /api/address_service/updateOrganisation HTTP/1.1 500 277 - 22.747 ms
::1 - POST /api/address_service/updateOrganisation HTTP/1.1 200 655 - 285.275 ms
::1 - POST /api/address_service/updateWarehouse?warehouseId=war-123 HTTP/1.1 200 62 - 255.811 ms
::1 - POST /api/address_service/updateWarehouse?warehouseId=war-1234 HTTP/1.1 200 586 - 296.180 ms
::1 - POST /api/address_service/addOffice HTTP/1.1 500 479 - 40.958 ms
::1 - POST /api/address_service/addOffice HTTP/1.1 500 479 - 14.836 ms
::1 - POST /api/address_service/addOffice HTTP/1.1 200 584 - 830.381 ms
::1 - POST /api/address_service/addOffice HTTP/1.1 500 479 - 36.811 ms
::1 - GET / HTTP/1.1 404 39 - 9.746 ms
::1 - GET /favicon.ico HTTP/1.1 404 39 - 0.782 ms
::1 - OPTIONS /api/address_service/fetchWarehouses HTTP/1.1 204 0 - 1.339 ms
::1 - GET /api/address_service/fetchWarehouses HTTP/1.1 200 18769 - 626.217 ms
::1 - OPTIONS /api/address_service/fetchWarehouses HTTP/1.1 204 0 - 0.231 ms
::1 - GET /api/address_service/fetchWarehouses HTTP/1.1 304 - - 579.422 ms
::1 - OPTIONS /api/address_service/fetchWarehouses HTTP/1.1 204 0 - 0.128 ms
::1 - GET /api/address_service/fetchWarehouses HTTP/1.1 304 - - 850.103 ms
::1 - GET /api/address_service/fetchWarehouses HTTP/1.1 304 - - 587.685 ms
::1 - OPTIONS /api/address_service/fetchWarehouses HTTP/1.1 204 0 - 0.116 ms
::1 - GET /api/address_service/fetchWarehouses HTTP/1.1 304 - - 576.696 ms
::1 - OPTIONS /api/address_service/fetchWarehouses HTTP/1.1 204 0 - 0.145 ms
::1 - GET /api/address_service/fetchWarehouses HTTP/1.1 304 - - 2190.288 ms
::1 - OPTIONS /api/address_service/fetchWarehouses HTTP/1.1 204 0 - 0.098 ms
::1 - GET /api/address_service/fetchWarehouses HTTP/1.1 304 - - 755.623 ms
::1 - GET /api/address_service/fetchWarehouses HTTP/1.1 304 - - 615.233 ms
::1 - OPTIONS /api/address_service/fetchWarehouses HTTP/1.1 204 0 - 0.112 ms
::1 - GET /api/address_service/fetchWarehouses HTTP/1.1 304 - - 635.100 ms
::1 - OPTIONS /api/address_service/fetchWarehouses HTTP/1.1 204 0 - 0.116 ms
::1 - GET /api/address_service/fetchWarehouses HTTP/1.1 304 - - 584.795 ms
::1 - OPTIONS /api/address_service/fetchWarehouses HTTP/1.1 204 0 - 0.110 ms
::1 - GET /api/address_service/fetchWarehouses HTTP/1.1 304 - - 873.841 ms
::1 - GET /api/address_service/fetchWarehouses HTTP/1.1 304 - - 611.306 ms
::1 - OPTIONS /api/address_service/fetchWarehouses HTTP/1.1 204 0 - 0.119 ms
::1 - GET /api/address_service/fetchWarehouses HTTP/1.1 304 - - 765.157 ms
::1 - OPTIONS /api/address_service/fetchWarehouses HTTP/1.1 204 0 - 0.134 ms
::1 - GET /api/address_service/fetchWarehouses HTTP/1.1 401 2072 - 77.984 ms
::1 - OPTIONS /api/address_service/fetchWarehouses HTTP/1.1 204 0 - 0.113 ms
::1 - GET /api/address_service/fetchWarehouses HTTP/1.1 401 2072 - 1.667 ms
::1 - OPTIONS /api/address_service/fetchWarehouses HTTP/1.1 204 0 - 0.125 ms
::1 - GET /api/address_service/fetchWarehouses HTTP/1.1 304 - - 809.545 ms
::1 - OPTIONS /api/address_service/fetchWarehouses HTTP/1.1 204 0 - 0.110 ms
::1 - GET /api/address_service/fetchWarehouses HTTP/1.1 304 - - 666.361 ms
::1 - OPTIONS /api/address_service/fetchWarehouses HTTP/1.1 204 0 - 0.135 ms
::1 - GET /api/address_service/fetchWarehouses HTTP/1.1 304 - - 665.986 ms
::1 - OPTIONS /api/address_service/fetchWarehouses HTTP/1.1 204 0 - 0.134 ms
::1 - GET /api/address_service/fetchWarehouses HTTP/1.1 304 - - 917.683 ms
::1 - OPTIONS /api/address_service/fetchWarehouses HTTP/1.1 204 0 - 0.136 ms
::1 - GET /api/address_service/fetchWarehouses HTTP/1.1 304 - - 827.404 ms
::1 - OPTIONS /api/address_service/fetchWarehouses HTTP/1.1 204 0 - 0.117 ms
::1 - GET /api/address_service/fetchWarehouses HTTP/1.1 304 - - 792.716 ms
::1 - OPTIONS /api/address_service/fetchWarehouses HTTP/1.1 204 0 - 0.131 ms
::1 - GET /api/address_service/fetchWarehouses HTTP/1.1 304 - - 651.965 ms
::1 - OPTIONS /api/address_service/fetchWarehouses HTTP/1.1 204 0 - 0.104 ms
::1 - GET /api/address_service/fetchWarehouses HTTP/1.1 304 - - 560.808 ms
::1 - OPTIONS /api/address_service/fetchWarehouses HTTP/1.1 204 0 - 0.119 ms
::1 - GET /api/address_service/fetchWarehouses HTTP/1.1 304 - - 688.619 ms
::1 - GET /api/address_service/fetchWarehouses HTTP/1.1 304 - - 877.364 ms
::1 - OPTIONS /api/address_service/fetchWarehouses HTTP/1.1 204 0 - 0.106 ms
::1 - GET /api/address_service/fetchWarehouses HTTP/1.1 304 - - 546.263 ms
::1 - OPTIONS /api/address_service/fetchWarehouses HTTP/1.1 204 0 - 0.161 ms
::1 - GET /api/address_service/fetchWarehouses HTTP/1.1 304 - - 616.747 ms
::1 - OPTIONS /api/address_service/fetchWarehouses HTTP/1.1 204 0 - 0.126 ms
::1 - GET /api/address_service/fetchWarehouses HTTP/1.1 304 - - 730.807 ms
::1 - OPTIONS /api/address_service/fetchWarehouses HTTP/1.1 204 0 - 0.121 ms
::1 - OPTIONS /api/address_service/fetchWarehouses HTTP/1.1 204 0 - 0.102 ms
::1 - OPTIONS /api/address_service/fetchWarehouses HTTP/1.1 204 0 - 0.112 ms
::1 - OPTIONS /api/address_service/fetchWarehouses HTTP/1.1 204 0 - 0.112 ms
::1 - OPTIONS /api/address_service/fetchWarehouses HTTP/1.1 204 0 - 0.116 ms
::1 - GET /api/address_service/fetchWarehouses HTTP/1.1 500 370 - 30431.384 ms
::1 - GET /api/address_service/fetchWarehouses HTTP/1.1 500 370 - 30019.698 ms
::1 - GET /api/address_service/fetchWarehouses HTTP/1.1 500 370 - 30015.440 ms
::1 - GET /api/address_service/fetchWarehouses HTTP/1.1 500 370 - 30002.848 ms
::1 - GET /api/address_service/fetchWarehouses HTTP/1.1 500 370 - 30014.079 ms
::1 - GET /api/address_service/fetchWarehouses HTTP/1.1 500 370 - 30018.623 ms
::1 - OPTIONS /api/address_service/fetchWarehouses HTTP/1.1 204 0 - 0.261 ms
::1 - GET /api/address_service/fetchWarehouses HTTP/1.1 200 18769 - 2328.093 ms
::1 - GET /api/address_service/fetchWarehouses HTTP/1.1 304 - - 509.093 ms
::1 - OPTIONS /api/address_service/fetchWarehouses HTTP/1.1 204 0 - 0.104 ms
::1 - GET /api/address_service/fetchWarehouses HTTP/1.1 304 - - 515.798 ms
::1 - OPTIONS /api/address_service/fetchWarehouses HTTP/1.1 204 0 - 0.133 ms
::1 - GET /api/address_service/fetchWarehouses HTTP/1.1 304 - - 715.457 ms
::1 - GET /api/address_service/fetchWarehouses HTTP/1.1 304 - - 783.765 ms
::1 - OPTIONS /api/address_service/fetchWarehouses HTTP/1.1 204 0 - 0.095 ms
::1 - GET /api/address_service/fetchWarehouses HTTP/1.1 304 - - 574.664 ms
::1 - OPTIONS /api/address_service/fetchWarehouses HTTP/1.1 204 0 - 0.126 ms
::1 - GET /api/address_service/fetchWarehouses HTTP/1.1 401 2072 - 31.844 ms
::1 - GET /api/address_service/fetchWarehouses HTTP/1.1 401 2072 - 1.189 ms
::1 - GET /api/address_service/fetchWarehouses HTTP/1.1 401 2072 - 1.259 ms
::1 - OPTIONS /api/address_service/fetchWarehouses HTTP/1.1 204 0 - 0.133 ms
::1 - GET /api/address_service/fetchWarehouses HTTP/1.1 304 - - 537.035 ms
::1 - OPTIONS /api/address_service/fetchWarehouses HTTP/1.1 204 0 - 0.148 ms
::1 - GET /api/address_service/fetchWarehouses HTTP/1.1 304 - - 530.601 ms
::1 - OPTIONS /api/address_service/fetchWarehouses HTTP/1.1 204 0 - 0.132 ms
::1 - GET /api/address_service/fetchWarehouses HTTP/1.1 304 - - 623.120 ms
::1 - OPTIONS /api/address_service/fetchWarehouses HTTP/1.1 204 0 - 0.123 ms
::1 - GET /api/address_service/fetchWarehouses HTTP/1.1 304 - - 558.199 ms
::1 - GET /api/address_service/fetchWarehouses HTTP/1.1 304 - - 777.475 ms
::1 - OPTIONS /api/address_service/fetchWarehouses HTTP/1.1 204 0 - 0.133 ms
::1 - GET /api/address_service/fetchWarehouses HTTP/1.1 304 - - 770.539 ms
::1 - GET /api/address_service/fetchWarehouses HTTP/1.1 304 - - 612.764 ms
::1 - OPTIONS /api/address_service/fetchWarehouses HTTP/1.1 204 0 - 0.168 ms
::1 - GET /api/address_service/fetchWarehouses HTTP/1.1 304 - - 542.126 ms
::1 - OPTIONS /api/address_service/fetchWarehouses HTTP/1.1 204 0 - 0.143 ms
::1 - GET /api/address_service/fetchWarehouses HTTP/1.1 304 - - 533.170 ms
::1 - OPTIONS /api/address_service/fetchWarehouses HTTP/1.1 204 0 - 3.701 ms
::1 - GET /api/address_service/fetchWarehouses HTTP/1.1 304 - - 999.519 ms
::1 - OPTIONS /api/address_service/fetchWarehouses HTTP/1.1 204 0 - 0.249 ms
::1 - GET /api/address_service/fetchWarehouses HTTP/1.1 304 - - 599.281 ms
::1 - OPTIONS /api/address_service/fetchWarehouses HTTP/1.1 204 0 - 0.117 ms
::1 - GET /api/address_service/fetchWarehouses HTTP/1.1 304 - - 890.883 ms
::1 - OPTIONS /api/address_service/fetchWarehouses HTTP/1.1 204 0 - 0.128 ms
::1 - GET /api/address_service/fetchWarehouses HTTP/1.1 304 - - 553.566 ms
::1 - OPTIONS /api/address_service/fetchWarehouses HTTP/1.1 204 0 - 0.164 ms
::1 - GET /api/address_service/fetchWarehouses HTTP/1.1 304 - - 571.399 ms
::1 - OPTIONS /api/address_service/fetchWarehouses HTTP/1.1 204 0 - 1.332 ms
::1 - GET /api/address_service/fetchWarehouses HTTP/1.1 401 2072 - 24.691 ms
::1 - OPTIONS /api/address_service/fetchWarehouses HTTP/1.1 204 0 - 0.138 ms
::1 - GET /api/address_service/fetchWarehouses HTTP/1.1 401 2072 - 1.728 ms
::1 - OPTIONS /api/address_service/fetchWarehouses HTTP/1.1 204 0 - 0.129 ms
::1 - GET /api/address_service/fetchWarehouses HTTP/1.1 304 - - 1878.136 ms
::1 - OPTIONS /api/address_service/fetchWarehouses HTTP/1.1 204 0 - 1.372 ms
::1 - GET /api/address_service/fetchWarehouses HTTP/1.1 304 - - 548.011 ms
::1 - GET /api/address_service/fetchWarehouses HTTP/1.1 304 - - 612.369 ms
::1 - OPTIONS /api/address_service/fetchWarehouses HTTP/1.1 204 0 - 0.112 ms
::1 - GET /api/address_service/fetchWarehouses HTTP/1.1 304 - - 544.090 ms
::1 - OPTIONS /api/address_service/fetchWarehouses HTTP/1.1 204 0 - 0.165 ms
::1 - GET /api/address_service/fetchWarehouses HTTP/1.1 304 - - 512.415 ms
::1 - OPTIONS /api/address_service/fetchWarehouses HTTP/1.1 204 0 - 0.126 ms
::1 - GET /api/address_service/fetchWarehouses HTTP/1.1 304 - - 548.548 ms
::1 - OPTIONS /api/address_service/fetchWarehouses HTTP/1.1 204 0 - 0.171 ms
::1 - GET /api/address_service/fetchWarehouses HTTP/1.1 304 - - 611.858 ms
::1 - OPTIONS /api/address_service/fetchWarehouses HTTP/1.1 204 0 - 3.634 ms
::1 - GET /api/address_service/fetchWarehouses HTTP/1.1 304 - - 618.816 ms
::1 - OPTIONS /api/address_service/fetchWarehouses HTTP/1.1 204 0 - 4.033 ms
::1 - GET /api/address_service/fetchWarehouses HTTP/1.1 200 18629 - 609.879 ms
::1 - OPTIONS /api/address_service/fetchWarehouses HTTP/1.1 204 0 - 1.485 ms
::1 - GET /api/address_service/fetchWarehouses HTTP/1.1 304 - - 623.503 ms
::1 - OPTIONS /api/address_service/fetchWarehouses HTTP/1.1 204 0 - 2.917 ms
::1 - GET /api/address_service/fetchWarehouses HTTP/1.1 200 19243 - 752.169 ms
::1 - OPTIONS /api/address_service/fetchWarehouses HTTP/1.1 204 0 - 2.583 ms
::1 - GET /api/address_service/fetchWarehouses HTTP/1.1 401 2072 - 16.210 ms
::1 - OPTIONS /api/address_service/fetchWarehouses HTTP/1.1 204 0 - 0.127 ms
::1 - GET /api/address_service/fetchWarehouses HTTP/1.1 304 - - 557.657 ms
::1 - OPTIONS /api/address_service/fetchWarehouses HTTP/1.1 204 0 - 0.093 ms
::1 - GET /api/address_service/fetchWarehouses HTTP/1.1 304 - - 549.056 ms
::1 - GET /api/address_service/fetchWarehouses HTTP/1.1 304 - - 620.054 ms
::1 - OPTIONS /api/address_service/fetchWarehouses HTTP/1.1 204 0 - 0.090 ms
::1 - GET /api/address_service/fetchWarehouses HTTP/1.1 304 - - 832.750 ms
::1 - GET /api/address_service/fetchWarehouses HTTP/1.1 304 - - 670.138 ms
::1 - OPTIONS /api/address_service/fetchWarehouses HTTP/1.1 204 0 - 1.613 ms
::1 - GET /api/address_service/fetchWarehouses HTTP/1.1 304 - - 2629.793 ms
::1 - GET /api/address_service/fetchWarehouses HTTP/1.1 304 - - 1633.571 ms
::1 - OPTIONS /api/address_service/fetchWarehouses HTTP/1.1 204 0 - 0.174 ms
::1 - GET /api/address_service/fetchWarehouses HTTP/1.1 304 - - 1057.784 ms
::1 - OPTIONS /api/address_service/fetchWarehouses HTTP/1.1 204 0 - 0.165 ms
::1 - GET /api/address_service/fetchWarehouses HTTP/1.1 304 - - 765.252 ms
::1 - OPTIONS /api/address_service/fetchWarehouses HTTP/1.1 204 0 - 0.136 ms
::1 - GET /api/address_service/fetchWarehouses HTTP/1.1 304 - - 2727.113 ms
::1 - GET /api/address_service/fetchWarehouses HTTP/1.1 304 - - 697.161 ms
::1 - OPTIONS /api/address_service/fetchWarehouses HTTP/1.1 204 0 - 0.112 ms
::1 - GET /api/address_service/fetchWarehouses HTTP/1.1 304 - - 2102.537 ms
::1 - OPTIONS /api/address_service/fetchWarehouses HTTP/1.1 204 0 - 0.120 ms
::1 - GET /api/address_service/fetchWarehouses HTTP/1.1 304 - - 565.337 ms
::1 - OPTIONS /api/address_service/fetchWarehouses HTTP/1.1 204 0 - 0.114 ms
::1 - GET /api/address_service/fetchWarehouses HTTP/1.1 401 2072 - 2.505 ms
::1 - GET /api/address_service/fetchWarehouses HTTP/1.1 401 2072 - 1.496 ms
::1 - GET /api/address_service/fetchWarehouses HTTP/1.1 401 2072 - 1.134 ms
::1 - OPTIONS /api/address_service/fetchWarehouses HTTP/1.1 204 0 - 0.124 ms
::1 - GET /api/address_service/fetchWarehouses HTTP/1.1 401 2072 - 1.644 ms
::1 - OPTIONS /api/address_service/fetchWarehouses HTTP/1.1 204 0 - 0.120 ms
::1 - GET /api/address_service/fetchWarehouses HTTP/1.1 401 2072 - 1.247 ms
::1 - OPTIONS /api/address_service/fetchWarehouses HTTP/1.1 204 0 - 0.173 ms
::1 - GET /api/address_service/fetchWarehouses HTTP/1.1 401 2072 - 1.376 ms
::1 - GET /api/address_service/fetchWarehouses HTTP/1.1 401 2072 - 1.169 ms
::1 - OPTIONS /api/address_service/fetchWarehouses HTTP/1.1 204 0 - 0.138 ms
::1 - GET /api/address_service/fetchWarehouses HTTP/1.1 304 - - 876.324 ms
::1 - OPTIONS /api/address_service/fetchWarehouses HTTP/1.1 204 0 - 0.147 ms
::1 - GET /api/address_service/fetchWarehouses HTTP/1.1 304 - - 563.686 ms
::1 - GET /api/address_service/fetchWarehouses HTTP/1.1 304 - - 631.702 ms
::1 - OPTIONS /api/address_service/fetchWarehouses HTTP/1.1 204 0 - 0.753 ms
::1 - GET /api/address_service/fetchWarehouses HTTP/1.1 304 - - 619.769 ms
::1 - OPTIONS /api/address_service/fetchWarehouses HTTP/1.1 204 0 - 0.098 ms
::1 - GET /api/address_service/fetchWarehouses HTTP/1.1 304 - - 656.241 ms
::1 - OPTIONS /api/address_service/fetchWarehouses HTTP/1.1 204 0 - 0.186 ms
::1 - GET /api/address_service/fetchWarehouses HTTP/1.1 304 - - 540.012 ms
::1 - OPTIONS /api/address_service/fetchWarehouses HTTP/1.1 204 0 - 0.110 ms
::1 - GET /api/address_service/fetchWarehouses HTTP/1.1 304 - - 515.481 ms
::1 - OPTIONS /api/address_service/fetchWarehouses HTTP/1.1 204 0 - 3.441 ms
::1 - GET /api/address_service/fetchWarehouses HTTP/1.1 304 - - 2939.578 ms
::1 - OPTIONS /api/address_service/fetchWarehouses HTTP/1.1 204 0 - 1.039 ms
::1 - GET /api/address_service/fetchWarehouses HTTP/1.1 304 - - 581.887 ms
::1 - OPTIONS /api/address_service/fetchWarehouses HTTP/1.1 204 0 - 0.128 ms
::1 - GET /api/address_service/fetchWarehouses HTTP/1.1 304 - - 909.659 ms
::1 - OPTIONS /api/address_service/fetchWarehouses HTTP/1.1 204 0 - 0.569 ms
::1 - GET /api/address_service/fetchWarehouses HTTP/1.1 401 2072 - 97.745 ms
::1 - OPTIONS /api/address_service/fetchWarehouses HTTP/1.1 204 0 - 0.101 ms
::1 - GET /api/address_service/fetchWarehouses HTTP/1.1 304 - - 515.391 ms
::1 - OPTIONS /api/address_service/fetchWarehouses HTTP/1.1 204 0 - 0.149 ms
::1 - GET /api/address_service/fetchWarehouses HTTP/1.1 304 - - 508.583 ms
::1 - OPTIONS /api/address_service/fetchWarehouses HTTP/1.1 204 0 - 0.228 ms
::1 - GET /api/address_service/fetchWarehouses HTTP/1.1 304 - - 604.100 ms
::1 - OPTIONS /api/address_service/fetchWarehouses HTTP/1.1 204 0 - 0.160 ms
::1 - GET /api/address_service/fetchWarehouses HTTP/1.1 304 - - 656.482 ms
::1 - OPTIONS /api/address_service/fetchWarehouses HTTP/1.1 204 0 - 42.900 ms
::1 - GET /api/address_service/fetchWarehouses HTTP/1.1 304 - - 2024.799 ms
::1 - OPTIONS /api/address_service/fetchWarehouses HTTP/1.1 204 0 - 0.160 ms
::1 - GET /api/address_service/fetchWarehouses HTTP/1.1 304 - - 555.546 ms
::1 - OPTIONS /api/address_service/fetchWarehouses HTTP/1.1 204 0 - 0.119 ms
::1 - GET /api/address_service/fetchWarehouses HTTP/1.1 304 - - 600.084 ms
::1 - OPTIONS /api/address_service/fetchWarehouses HTTP/1.1 204 0 - 321.567 ms
::1 - GET /api/address_service/fetchWarehouses HTTP/1.1 200 19316 - 11066.022 ms
::1 - OPTIONS /api/address_service/fetchWarehouses HTTP/1.1 204 0 - 0.121 ms
::1 - GET /api/address_service/fetchWarehouses HTTP/1.1 304 - - 901.281 ms
::1 - OPTIONS /api/address_service/fetchWarehouses HTTP/1.1 204 0 - 0.103 ms
::1 - GET /api/address_service/fetchWarehouses HTTP/1.1 304 - - 794.678 ms
::1 - OPTIONS /api/address_service/fetchWarehouses HTTP/1.1 204 0 - 0.144 ms
::1 - GET /api/address_service/fetchWarehouses HTTP/1.1 304 - - 802.856 ms
::1 - OPTIONS /api/address_service/fetchWarehouses HTTP/1.1 204 0 - 0.112 ms
::1 - GET /api/address_service/fetchWarehouses HTTP/1.1 304 - - 1205.032 ms
::1 - OPTIONS /api/address_service/fetchWarehouses HTTP/1.1 204 0 - 0.734 ms
::1 - GET /api/address_service/fetchWarehouses HTTP/1.1 304 - - 767.374 ms
::1 - GET /api/address_service/fetchWarehouses HTTP/1.1 304 - - 966.586 ms
::1 - OPTIONS /api/address_service/fetchWarehouses HTTP/1.1 204 0 - 0.095 ms
::1 - GET /api/address_service/fetchWarehouses HTTP/1.1 304 - - 675.519 ms
::1 - GET /api/address_service/fetchWarehouses HTTP/1.1 304 - - 958.986 ms
::1 - OPTIONS /api/address_service/fetchWarehouses HTTP/1.1 204 0 - 0.135 ms
::1 - GET /api/address_service/fetchWarehouses HTTP/1.1 304 - - 1624.455 ms
::1 - GET /api/address_service/fetchWarehouses HTTP/1.1 304 - - 943.902 ms
::1 - OPTIONS /api/address_service/fetchWarehouses HTTP/1.1 204 0 - 0.125 ms
::1 - GET /api/address_service/fetchWarehouses HTTP/1.1 304 - - 1293.631 ms
::1 - OPTIONS /api/address_service/fetchWarehouses HTTP/1.1 204 0 - 0.095 ms
::1 - GET /api/address_service/fetchWarehouses HTTP/1.1 304 - - 1196.504 ms
::1 - GET /api/address_service/fetchWarehouses HTTP/1.1 304 - - 1285.850 ms
::1 - GET /api/address_service/fetchWarehouses HTTP/1.1 304 - - 338.402 ms
::1 - OPTIONS /api/address_service/fetchWarehouses HTTP/1.1 204 0 - 3.984 ms
::1 - GET /api/address_service/fetchWarehouses HTTP/1.1 200 19316 - 643.607 ms
